2024-09-21 14:39:50 - Module Microsoft.Graph.Users imported successfully.
2024-09-21 14:39:51 - Module Microsoft.Graph.Identity.Governance imported successfully.
2024-09-21 14:39:51 - Module Microsoft.Graph.Groups imported successfully.
2024-09-21 14:40:08 - Error creating admin account: The term 'Add-MgGroupMember' is not recognized as a name of a cmdlet, function, script file, or executable program.
Check the spelling of the name, or if a path was included, verify that the path is correct and try again.
2024-09-21 14:40:50 - Module Microsoft.Graph.Users imported successfully.
2024-09-21 14:40:50 - Module Microsoft.Graph.Identity.Governance imported successfully.
2024-09-21 14:40:50 - Module Microsoft.Graph.Groups imported successfully.
2024-09-21 14:40:56 - User with UPN admin-maro@M365x41324576.onmicrosoft.com already exists.
2024-09-21 14:41:03 - Error resetting password for UserId: 92d3d050-125a-4d1a-9e77-656e2075567c. Error: Insufficient privileges to complete the operation.

Status: 403 (Forbidden)
ErrorCode: Authorization_RequestDenied
Date: 2024-09-21T12:41:03

Headers:
Cache-Control                 : no-cache
Vary                          : Accept-Encoding
Strict-Transport-Security     : max-age=31536000
request-id                    : 9ee03c28-62f2-4a38-b44c-3f3ffe3ad90f
client-request-id             : 02603d7f-90b4-4705-9dcc-29559eae0874
x-ms-ags-diagnostic           : {"ServerInfo":{"DataCenter":"Norway East","Slice":"E","Ring":"2","ScaleUnit":"000","RoleInstance":"OSL0EPF0000051C"}}
x-ms-resource-unit            : 1
Date                          : Sat, 21 Sep 2024 12:41:03 GMT


2024-09-21 14:41:08 - Global Administrator RoleDefinitionId retrieved: 62e90394-69f5-4237-9190-012177145e10.
2024-09-21 14:41:12 - Global Administrator role eligibility assigned to user ID: 92d3d050-125a-4d1a-9e77-656e2075567c.
2024-09-21 14:42:29 - Module Microsoft.Graph.Users imported successfully.
2024-09-21 14:42:29 - Module Microsoft.Graph.Identity.Governance imported successfully.
2024-09-21 14:42:29 - Module Microsoft.Graph.Groups imported successfully.
2024-09-21 14:42:39 - Error creating admin account: A parameter cannot be found that matches parameter name 'memberId'.
2024-09-21 15:00:22 - Module Microsoft.Graph.Users imported successfully.
2024-09-21 15:00:22 - Module Microsoft.Graph.Identity.Governance imported successfully.
2024-09-21 15:00:22 - Module Microsoft.Graph.Groups imported successfully.
2024-09-21 15:00:33 - Admin account created: admin-dodo@M365x41324576.onmicrosoft.com.
2024-09-21 15:00:38 - Global Administrator RoleDefinitionId retrieved: 62e90394-69f5-4237-9190-012177145e10.
2024-09-21 15:00:40 - Global Administrator role eligibility assigned to user ID: 1cf64edb-5a1a-4ccc-b9e8-01f5e9d1a6bd.
2024-09-21 15:01:21 - Module Microsoft.Graph.Users imported successfully.
2024-09-21 15:01:21 - Module Microsoft.Graph.Identity.Governance imported successfully.
2024-09-21 15:01:22 - Module Microsoft.Graph.Groups imported successfully.
2024-09-21 15:01:24 - Break Glass account created: bg1-RQlM2TGF@M365x41324576.onmicrosoft.com.
2024-09-21 15:01:24 - Global Administrator RoleDefinitionId retrieved: 62e90394-69f5-4237-9190-012177145e10.
2024-09-21 15:01:26 - Error assigning Global Administrator role eligibility to user ID: aecd9feb-2c51-407c-bd44-da2151106576. Error: The subject is not found.

Status: 404 (NotFound)
ErrorCode: SubjectNotFound
Date: 2024-09-21T13:01:26

Headers:
Vary                          : Accept-Encoding
Strict-Transport-Security     : max-age=31536000
request-id                    : 7039d554-53eb-4bdc-bb9a-fd81c2fac0a4
client-request-id             : 374c7934-ca22-4ce1-81e6-136f6d823c12
x-ms-ags-diagnostic           : {"ServerInfo":{"DataCenter":"Norway East","Slice":"E","Ring":"2","ScaleUnit":"001","RoleInstance":"OSL2EPF0000016B"}}
Date                          : Sat, 21 Sep 2024 13:01:25 GMT


2024-09-21 15:01:27 - Break Glass account created: bg2-eIgHtCHC@M365x41324576.onmicrosoft.com.
2024-09-21 15:01:27 - Global Administrator RoleDefinitionId retrieved: 62e90394-69f5-4237-9190-012177145e10.
2024-09-21 15:01:29 - Error assigning Global Administrator role eligibility to user ID: 368e500f-bf18-4605-8ece-033cb5263cce. Error: The subject is not found.

Status: 404 (NotFound)
ErrorCode: SubjectNotFound
Date: 2024-09-21T13:01:29

Headers:
Vary                          : Accept-Encoding
Strict-Transport-Security     : max-age=31536000
request-id                    : e894d4b1-bdb7-4459-8b0a-18d57d072e8b
client-request-id             : 6e805fd7-920d-4944-a51a-ca132ae0c7ef
x-ms-ags-diagnostic           : {"ServerInfo":{"DataCenter":"Norway East","Slice":"E","Ring":"2","ScaleUnit":"001","RoleInstance":"OSL2EPF0000016B"}}
Date                          : Sat, 21 Sep 2024 13:01:28 GMT


2024-09-21 15:02:20 - Module Microsoft.Graph.Users imported successfully.
2024-09-21 15:02:20 - Module Microsoft.Graph.Identity.Governance imported successfully.
2024-09-21 15:02:20 - Module Microsoft.Graph.Groups imported successfully.
2024-09-21 15:02:21 - There are already 2 Break Glass accounts. No additional accounts will be created.
2024-09-21 15:02:22 - Global Administrator RoleDefinitionId retrieved: 62e90394-69f5-4237-9190-012177145e10.
2024-09-21 15:02:24 - Global Administrator role eligibility assigned to user ID: aecd9feb-2c51-407c-bd44-da2151106576.
2024-09-21 15:02:25 - Global Administrator RoleDefinitionId retrieved: 62e90394-69f5-4237-9190-012177145e10.
2024-09-21 15:02:27 - Global Administrator role eligibility assigned to user ID: 368e500f-bf18-4605-8ece-033cb5263cce.
2024-09-21 15:57:16 - Module microsoft.graph.authentication imported successfully.
2024-09-21 15:57:17 - Module microsoft.graph.identity.signins imported successfully.
2024-09-21 15:57:19 - Module microsoft.graph.groups imported successfully.
2024-09-21 15:57:38 - Connected to Microsoft Graph successfully.
2024-09-21 16:02:20 - Module microsoft.graph.authentication imported successfully.
2024-09-21 16:02:20 - Module microsoft.graph.identity.signins imported successfully.
2024-09-21 16:02:20 - Module microsoft.graph.groups imported successfully.
2024-09-21 16:02:20 - Connected to Microsoft Graph successfully with required scopes.
2024-09-21 16:20:43 - Module microsoft.graph.authentication imported successfully.
2024-09-21 16:20:43 - Module microsoft.graph.identity.signins imported successfully.
2024-09-21 16:20:43 - Module microsoft.graph.groups imported successfully.
2024-09-21 16:20:43 - Connected to Microsoft Graph successfully with required scopes.
2024-09-21 16:36:02 - Module microsoft.graph.authentication imported successfully.
2024-09-21 16:36:02 - Module microsoft.graph.identity.signins imported successfully.
2024-09-21 16:36:02 - Module microsoft.graph.groups imported successfully.
2024-09-21 16:36:09 - Connected to Microsoft Graph successfully with required scopes.
2024-09-21 16:37:05 - Module microsoft.graph.authentication imported successfully.
2024-09-21 16:37:05 - Module microsoft.graph.identity.signins imported successfully.
2024-09-21 16:37:05 - Module microsoft.graph.groups imported successfully.
2024-09-21 16:37:13 - Connected to Microsoft Graph successfully with required scopes.
